16.06.2024 20:03:19.468 [main] INFO  c.e.c.CarSharingApplication - Starting CarSharingApplication using Java 17.0.8 with PID 562 (/Users/urmat/IdeaProjects/CarSharing/target/classes started by urmat in /Users/urmat/IdeaProjects/CarSharing)
16.06.2024 20:03:19.579 [main] INFO  c.e.c.CarSharingApplication - No active profile set, falling back to 1 default profile: "default"
16.06.2024 20:03:20.301 [main] INFO  o.s.d.r.c.RepositoryConfigurationDelegate - Bootstrapping Spring Data JPA repositories in DEFAULT mode.
16.06.2024 20:03:20.363 [main] INFO  o.s.d.r.c.RepositoryConfigurationDelegate - Finished Spring Data repository scanning in 33 ms. Found 6 JPA repository interfaces.
16.06.2024 20:03:20.917 [main] INFO  o.s.b.w.e.t.TomcatWebServer - Tomcat initialized with port 8080 (http)
16.06.2024 20:03:20.954 [main] INFO  o.a.c.c.StandardService - Starting service [Tomcat]
16.06.2024 20:03:20.970 [main] INFO  o.a.c.c.StandardEngine - Starting Servlet engine: [Apache Tomcat/10.1.19]
16.06.2024 20:03:21.014 [main] INFO  o.a.c.c.C.[.[.[/] - Initializing Spring embedded WebApplicationContext
16.06.2024 20:03:21.029 [main] INFO  o.s.b.w.s.c.ServletWebServerApplicationContext - Root WebApplicationContext: initialization completed in 1408 ms
16.06.2024 20:03:21.293 [main] INFO  c.z.h.HikariDataSource - HikariPool-1 - Starting...
16.06.2024 20:03:21.326 [main] INFO  c.z.h.p.HikariPool - HikariPool-1 - Added connection com.mysql.cj.jdbc.ConnectionImpl@3292eff7
16.06.2024 20:03:21.342 [main] INFO  c.z.h.HikariDataSource - HikariPool-1 - Start completed.
16.06.2024 20:03:21.523 [main] INFO  l.lockservice - Successfully acquired change log lock
16.06.2024 20:03:21.541 [main] INFO  liquibase.command - Dropping Database Objects in schema: carsharing.carsharing
16.06.2024 20:03:21.963 [main] INFO  liquibase.database - Successfully deleted all supported object types in schema carsharing.carsharing.
16.06.2024 20:03:21.980 [main] WARN  l.lockservice - Failed to release change log lock
16.06.2024 20:03:21.989 [main] INFO  liquibase.command - Command execution complete
16.06.2024 20:03:22.096 [main] INFO  liquibase.changelog - Creating database history table with name: carsharing.databasechangelog
16.06.2024 20:03:22.118 [main] INFO  liquibase.changelog - Reading from carsharing.databasechangelog
16.06.2024 20:03:22.137 [main] WARN  liquibase.executor - Integer display width is deprecated and will be removed in a future release.
16.06.2024 20:03:22.159 [main] INFO  l.lockservice - Successfully acquired change log lock
16.06.2024 20:03:22.173 [main] INFO  liquibase.command - Using deploymentId: 8561002172
16.06.2024 20:03:22.184 [main] INFO  liquibase.changelog - Reading from carsharing.databasechangelog
16.06.2024 20:03:22.296 [main] INFO  liquibase.changelog - Custom SQL executed
16.06.2024 20:03:22.309 [main] INFO  liquibase.changelog - ChangeSet /db/changelog/changes/v0.0.1-SNAPSHOT/schema.sql::raw::includeAll ran successfully in 110ms
16.06.2024 20:03:22.337 [main] INFO  liquibase.changelog - Custom SQL executed
16.06.2024 20:03:22.350 [main] INFO  liquibase.changelog - ChangeSet /db/changelog/changes/v0.0.1-SNAPSHOT/data.sql::raw::includeAll ran successfully in 25ms
16.06.2024 20:03:22.382 [main] INFO  liquibase.changelog - Custom SQL executed
16.06.2024 20:03:22.393 [main] INFO  liquibase.changelog - ChangeSet /db/changelog/changes/v0.0.1-SNAPSHOT/for_log_to_db.sql::raw::includeAll ran successfully in 31ms
16.06.2024 20:03:22.407 [main] INFO  liquibase.util - UPDATE SUMMARY
16.06.2024 20:03:22.434 [main] INFO  liquibase.util - Run:                          3
16.06.2024 20:03:22.457 [main] INFO  liquibase.util - Previously run:               0
16.06.2024 20:03:22.475 [main] INFO  liquibase.util - Filtered out:                 0
16.06.2024 20:03:22.486 [main] INFO  liquibase.util - -------------------------------
16.06.2024 20:03:22.495 [main] INFO  liquibase.util - Total change sets:            3
16.06.2024 20:03:22.502 [main] INFO  liquibase.util - Update summary generated
16.06.2024 20:03:22.510 [main] INFO  liquibase.command - Update command completed successfully.
16.06.2024 20:03:22.519 [main] INFO  l.lockservice - Successfully released change log lock
16.06.2024 20:03:22.527 [main] INFO  liquibase.command - Command execution complete
16.06.2024 20:03:22.611 [main] INFO  o.h.j.i.u.LogHelper - HHH000204: Processing PersistenceUnitInfo [name: default]
16.06.2024 20:03:22.679 [main] INFO  o.hibernate.Version - HHH000412: Hibernate ORM core version 6.4.4.Final
16.06.2024 20:03:22.737 [main] INFO  o.h.c.i.RegionFactoryInitiator - HHH000026: Second-level cache disabled
16.06.2024 20:03:22.968 [main] INFO  o.s.o.j.p.SpringPersistenceUnitInfo - No LoadTimeWeaver setup: ignoring JPA class transformer
16.06.2024 20:03:23.602 [main] INFO  o.h.e.t.j.p.i.JtaPlatformInitiator - HHH000489: No JTA platform available (set 'hibernate.transaction.jta.platform' to enable JTA platform integration)
16.06.2024 20:03:23.616 [main] INFO  o.s.o.j.LocalContainerEntityManagerFactoryBean - Initialized JPA EntityManagerFactory for persistence unit 'default'
16.06.2024 20:03:24.913 [main] INFO  o.s.b.a.e.w.EndpointLinksResolver - Exposing 1 endpoint(s) beneath base path '/actuator'
16.06.2024 20:03:25.037 [main] INFO  o.s.s.w.DefaultSecurityFilterChain - Will secure any request with [org.springframework.security.web.session.DisableEncodeUrlFilter@5a372288, org.springframework.security.web.context.request.async.WebAsyncManagerIntegrationFilter@3f4b52fa, org.springframework.security.web.context.SecurityContextHolderFilter@27192b0c, org.springframework.security.web.header.HeaderWriterFilter@6fb94c36, org.springframework.web.filter.CorsFilter@3468faa5, org.springframework.security.web.authentication.logout.LogoutFilter@61231034, org.springframework.security.web.authentication.UsernamePasswordAuthenticationFilter@2a7c82e, org.springframework.security.web.authentication.ui.DefaultLoginPageGeneratingFilter@5d98522c, org.springframework.security.web.authentication.ui.DefaultLogoutPageGeneratingFilter@7308c29a, org.springframework.security.web.authentication.www.BasicAuthenticationFilter@3d63becf, org.springframework.security.web.savedrequest.RequestCacheAwareFilter@faa70af, org.springframework.security.web.servletapi.SecurityContextHolderAwareRequestFilter@7dc779bb, org.springframework.security.web.authentication.AnonymousAuthenticationFilter@10c88d11, org.springframework.security.web.access.ExceptionTranslationFilter@62a153d3, org.springframework.security.web.access.intercept.AuthorizationFilter@4ccfd904]
16.06.2024 20:03:25.642 [main] INFO  o.s.b.w.e.t.TomcatWebServer - Tomcat started on port 8080 (http) with context path ''
16.06.2024 20:03:25.666 [main] INFO  c.e.c.CarSharingApplication - Started CarSharingApplication in 6.856 seconds (process running for 7.607)
16.06.2024 20:03:26.053 [RMI TCP Connection(2)-192.168.189.59] INFO  o.a.c.c.C.[.[.[/] - Initializing Spring DispatcherServlet 'dispatcherServlet'
16.06.2024 20:03:26.067 [RMI TCP Connection(2)-192.168.189.59] INFO  o.s.w.s.DispatcherServlet - Initializing Servlet 'dispatcherServlet'
16.06.2024 20:03:26.089 [RMI TCP Connection(2)-192.168.189.59] INFO  o.s.w.s.DispatcherServlet - Completed initialization in 2 ms
16.06.2024 20:03:56.140 [SpringApplicationShutdownHook] INFO  o.s.o.j.LocalContainerEntityManagerFactoryBean - Closing JPA EntityManagerFactory for persistence unit 'default'
16.06.2024 20:03:56.166 [SpringApplicationShutdownHook] INFO  c.z.h.HikariDataSource - HikariPool-1 - Shutdown initiated...
16.06.2024 20:03:56.196 [SpringApplicationShutdownHook] INFO  c.z.h.HikariDataSource - HikariPool-1 - Shutdown completed.
