12.06.2024 15:55:15.595 [main] INFO  c.e.c.CarSharingApplication - Starting CarSharingApplication using Java 17.0.8 with PID 82426 (/Users/urmat/IdeaProjects/CarSharing/target/classes started by urmat in /Users/urmat/IdeaProjects/CarSharing)
12.06.2024 15:55:15.596 [main] INFO  c.e.c.CarSharingApplication - No active profile set, falling back to 1 default profile: "default"
12.06.2024 15:55:16.303 [main] INFO  o.s.d.r.c.RepositoryConfigurationDelegate - Bootstrapping Spring Data JPA repositories in DEFAULT mode.
12.06.2024 15:55:16.337 [main] INFO  o.s.d.r.c.RepositoryConfigurationDelegate - Finished Spring Data repository scanning in 31 ms. Found 6 JPA repository interfaces.
12.06.2024 15:55:16.816 [main] INFO  o.s.b.w.e.t.TomcatWebServer - Tomcat initialized with port 8080 (http)
12.06.2024 15:55:16.821 [main] INFO  o.a.c.c.StandardService - Starting service [Tomcat]
12.06.2024 15:55:16.821 [main] INFO  o.a.c.c.StandardEngine - Starting Servlet engine: [Apache Tomcat/10.1.19]
12.06.2024 15:55:16.848 [main] INFO  o.a.c.c.C.[.[.[/] - Initializing Spring embedded WebApplicationContext
12.06.2024 15:55:16.848 [main] INFO  o.s.b.w.s.c.ServletWebServerApplicationContext - Root WebApplicationContext: initialization completed in 1232 ms
12.06.2024 15:55:17.030 [main] INFO  c.z.h.HikariDataSource - HikariPool-1 - Starting...
12.06.2024 15:55:17.245 [main] INFO  c.z.h.p.HikariPool - HikariPool-1 - Added connection com.mysql.cj.jdbc.ConnectionImpl@3265995e
12.06.2024 15:55:17.246 [main] INFO  c.z.h.HikariDataSource - HikariPool-1 - Start completed.
12.06.2024 15:55:17.411 [main] INFO  l.lockservice - Successfully acquired change log lock
12.06.2024 15:55:17.414 [main] INFO  liquibase.command - Dropping Database Objects in schema: carsharing.carsharing
12.06.2024 15:55:17.660 [main] INFO  liquibase.database - Successfully deleted all supported object types in schema carsharing.carsharing.
12.06.2024 15:55:17.665 [main] WARN  l.lockservice - Failed to release change log lock
12.06.2024 15:55:17.666 [main] INFO  liquibase.command - Command execution complete
12.06.2024 15:55:17.734 [main] INFO  liquibase.changelog - Creating database history table with name: carsharing.databasechangelog
12.06.2024 15:55:17.744 [main] INFO  liquibase.changelog - Reading from carsharing.databasechangelog
12.06.2024 15:55:17.751 [main] WARN  liquibase.executor - Integer display width is deprecated and will be removed in a future release.
12.06.2024 15:55:17.763 [main] INFO  l.lockservice - Successfully acquired change log lock
12.06.2024 15:55:17.763 [main] INFO  liquibase.command - Using deploymentId: 8200517763
12.06.2024 15:55:17.764 [main] INFO  liquibase.changelog - Reading from carsharing.databasechangelog
12.06.2024 15:55:17.844 [main] INFO  liquibase.changelog - Custom SQL executed
12.06.2024 15:55:17.844 [main] INFO  liquibase.changelog - ChangeSet /db/changelog/changes/v0.0.1-SNAPSHOT/schema.sql::raw::includeAll ran successfully in 75ms
12.06.2024 15:55:17.855 [main] INFO  liquibase.changelog - Custom SQL executed
12.06.2024 15:55:17.856 [main] INFO  liquibase.changelog - ChangeSet /db/changelog/changes/v0.0.1-SNAPSHOT/data.sql::raw::includeAll ran successfully in 8ms
12.06.2024 15:55:17.874 [main] INFO  liquibase.changelog - Custom SQL executed
12.06.2024 15:55:17.875 [main] INFO  liquibase.changelog - ChangeSet /db/changelog/changes/v0.0.1-SNAPSHOT/for_log_to_db.sql::raw::includeAll ran successfully in 17ms
12.06.2024 15:55:17.878 [main] INFO  liquibase.util - UPDATE SUMMARY
12.06.2024 15:55:17.878 [main] INFO  liquibase.util - Run:                          3
12.06.2024 15:55:17.878 [main] INFO  liquibase.util - Previously run:               0
12.06.2024 15:55:17.878 [main] INFO  liquibase.util - Filtered out:                 0
12.06.2024 15:55:17.878 [main] INFO  liquibase.util - -------------------------------
12.06.2024 15:55:17.878 [main] INFO  liquibase.util - Total change sets:            3
12.06.2024 15:55:17.878 [main] INFO  liquibase.util - Update summary generated
12.06.2024 15:55:17.878 [main] INFO  liquibase.command - Update command completed successfully.
12.06.2024 15:55:17.880 [main] INFO  l.lockservice - Successfully released change log lock
12.06.2024 15:55:17.881 [main] INFO  liquibase.command - Command execution complete
12.06.2024 15:55:17.944 [main] INFO  o.h.j.i.u.LogHelper - HHH000204: Processing PersistenceUnitInfo [name: default]
12.06.2024 15:55:17.974 [main] INFO  o.hibernate.Version - HHH000412: Hibernate ORM core version 6.4.4.Final
12.06.2024 15:55:17.989 [main] INFO  o.h.c.i.RegionFactoryInitiator - HHH000026: Second-level cache disabled
12.06.2024 15:55:18.088 [main] INFO  o.s.o.j.p.SpringPersistenceUnitInfo - No LoadTimeWeaver setup: ignoring JPA class transformer
12.06.2024 15:55:18.576 [main] INFO  o.h.e.t.j.p.i.JtaPlatformInitiator - HHH000489: No JTA platform available (set 'hibernate.transaction.jta.platform' to enable JTA platform integration)
12.06.2024 15:55:18.577 [main] INFO  o.s.o.j.LocalContainerEntityManagerFactoryBean - Initialized JPA EntityManagerFactory for persistence unit 'default'
12.06.2024 15:55:19.680 [main] INFO  o.s.b.a.e.w.EndpointLinksResolver - Exposing 1 endpoint(s) beneath base path '/actuator'
12.06.2024 15:55:19.777 [main] INFO  o.s.s.w.DefaultSecurityFilterChain - Will secure any request with [org.springframework.security.web.session.DisableEncodeUrlFilter@84f0686, org.springframework.security.web.context.request.async.WebAsyncManagerIntegrationFilter@7b6846c6, org.springframework.security.web.context.SecurityContextHolderFilter@6d293b41, org.springframework.security.web.header.HeaderWriterFilter@d181ca3, org.springframework.web.filter.CorsFilter@71103416, org.springframework.security.web.authentication.logout.LogoutFilter@1cc07127, org.springframework.security.web.authentication.UsernamePasswordAuthenticationFilter@2b4b3918, org.springframework.security.web.authentication.ui.DefaultLoginPageGeneratingFilter@7dcbcede, org.springframework.security.web.authentication.ui.DefaultLogoutPageGeneratingFilter@503e1cd9, org.springframework.security.web.authentication.www.BasicAuthenticationFilter@5a0d25ba, org.springframework.security.web.savedrequest.RequestCacheAwareFilter@32c503d3, org.springframework.security.web.servletapi.SecurityContextHolderAwareRequestFilter@38dacb78, org.springframework.security.web.authentication.AnonymousAuthenticationFilter@20b54b6e, org.springframework.security.web.access.ExceptionTranslationFilter@69765d94, org.springframework.security.web.access.intercept.AuthorizationFilter@339b1c34]
12.06.2024 15:55:20.261 [main] INFO  o.s.b.w.e.t.TomcatWebServer - Tomcat started on port 8080 (http) with context path ''
12.06.2024 15:55:20.271 [main] INFO  c.e.c.CarSharingApplication - Started CarSharingApplication in 5.005 seconds (process running for 5.605)
12.06.2024 15:55:20.477 [RMI TCP Connection(3)-192.168.189.59] INFO  o.a.c.c.C.[.[.[/] - Initializing Spring DispatcherServlet 'dispatcherServlet'
12.06.2024 15:55:20.477 [RMI TCP Connection(3)-192.168.189.59] INFO  o.s.w.s.DispatcherServlet - Initializing Servlet 'dispatcherServlet'
12.06.2024 15:55:20.478 [RMI TCP Connection(3)-192.168.189.59] INFO  o.s.w.s.DispatcherServlet - Completed initialization in 1 ms
12.06.2024 15:55:27.174 [SpringApplicationShutdownHook] INFO  o.s.o.j.LocalContainerEntityManagerFactoryBean - Closing JPA EntityManagerFactory for persistence unit 'default'
12.06.2024 15:55:27.176 [SpringApplicationShutdownHook] INFO  c.z.h.HikariDataSource - HikariPool-1 - Shutdown initiated...
12.06.2024 15:55:27.180 [SpringApplicationShutdownHook] INFO  c.z.h.HikariDataSource - HikariPool-1 - Shutdown completed.
12.06.2024 16:00:21.049 [main] INFO  c.e.c.CarSharingApplication - Starting CarSharingApplication using Java 17.0.8 with PID 82538 (/Users/urmat/IdeaProjects/CarSharing/target/classes started by urmat in /Users/urmat/IdeaProjects/CarSharing)
12.06.2024 16:00:21.050 [main] INFO  c.e.c.CarSharingApplication - No active profile set, falling back to 1 default profile: "default"
12.06.2024 16:00:21.613 [main] INFO  o.s.d.r.c.RepositoryConfigurationDelegate - Bootstrapping Spring Data JPA repositories in DEFAULT mode.
12.06.2024 16:00:21.644 [main] INFO  o.s.d.r.c.RepositoryConfigurationDelegate - Finished Spring Data repository scanning in 28 ms. Found 6 JPA repository interfaces.
12.06.2024 16:00:22.241 [main] INFO  o.s.b.w.e.t.TomcatWebServer - Tomcat initialized with port 8080 (http)
12.06.2024 16:00:22.247 [main] INFO  o.a.c.c.StandardService - Starting service [Tomcat]
12.06.2024 16:00:22.247 [main] INFO  o.a.c.c.StandardEngine - Starting Servlet engine: [Apache Tomcat/10.1.19]
12.06.2024 16:00:22.272 [main] INFO  o.a.c.c.C.[.[.[/] - Initializing Spring embedded WebApplicationContext
12.06.2024 16:00:22.272 [main] INFO  o.s.b.w.s.c.ServletWebServerApplicationContext - Root WebApplicationContext: initialization completed in 1202 ms
12.06.2024 16:00:22.446 [main] INFO  c.z.h.HikariDataSource - HikariPool-1 - Starting...
12.06.2024 16:00:22.604 [main] INFO  c.z.h.p.HikariPool - HikariPool-1 - Added connection com.mysql.cj.jdbc.ConnectionImpl@c0004b7
12.06.2024 16:00:22.604 [main] INFO  c.z.h.HikariDataSource - HikariPool-1 - Start completed.
12.06.2024 16:00:22.742 [main] INFO  l.lockservice - Successfully acquired change log lock
12.06.2024 16:00:22.745 [main] INFO  liquibase.command - Dropping Database Objects in schema: carsharing.carsharing
12.06.2024 16:00:22.994 [main] INFO  liquibase.database - Successfully deleted all supported object types in schema carsharing.carsharing.
12.06.2024 16:00:23.000 [main] WARN  l.lockservice - Failed to release change log lock
12.06.2024 16:00:23.001 [main] INFO  liquibase.command - Command execution complete
12.06.2024 16:00:23.069 [main] INFO  liquibase.changelog - Creating database history table with name: carsharing.databasechangelog
12.06.2024 16:00:23.078 [main] INFO  liquibase.changelog - Reading from carsharing.databasechangelog
12.06.2024 16:00:23.085 [main] WARN  liquibase.executor - Integer display width is deprecated and will be removed in a future release.
12.06.2024 16:00:23.095 [main] INFO  l.lockservice - Successfully acquired change log lock
12.06.2024 16:00:23.096 [main] INFO  liquibase.command - Using deploymentId: 8200823096
12.06.2024 16:00:23.096 [main] INFO  liquibase.changelog - Reading from carsharing.databasechangelog
12.06.2024 16:00:23.165 [main] INFO  liquibase.changelog - Custom SQL executed
12.06.2024 16:00:23.166 [main] INFO  liquibase.changelog - ChangeSet /db/changelog/changes/v0.0.1-SNAPSHOT/schema.sql::raw::includeAll ran successfully in 65ms
12.06.2024 16:00:23.176 [main] INFO  liquibase.changelog - Custom SQL executed
12.06.2024 16:00:23.176 [main] INFO  liquibase.changelog - ChangeSet /db/changelog/changes/v0.0.1-SNAPSHOT/data.sql::raw::includeAll ran successfully in 7ms
12.06.2024 16:00:23.194 [main] INFO  liquibase.changelog - Custom SQL executed
12.06.2024 16:00:23.194 [main] INFO  liquibase.changelog - ChangeSet /db/changelog/changes/v0.0.1-SNAPSHOT/for_log_to_db.sql::raw::includeAll ran successfully in 16ms
12.06.2024 16:00:23.196 [main] INFO  liquibase.util - UPDATE SUMMARY
12.06.2024 16:00:23.197 [main] INFO  liquibase.util - Run:                          3
12.06.2024 16:00:23.197 [main] INFO  liquibase.util - Previously run:               0
12.06.2024 16:00:23.197 [main] INFO  liquibase.util - Filtered out:                 0
12.06.2024 16:00:23.197 [main] INFO  liquibase.util - -------------------------------
12.06.2024 16:00:23.197 [main] INFO  liquibase.util - Total change sets:            3
12.06.2024 16:00:23.197 [main] INFO  liquibase.util - Update summary generated
12.06.2024 16:00:23.197 [main] INFO  liquibase.command - Update command completed successfully.
12.06.2024 16:00:23.199 [main] INFO  l.lockservice - Successfully released change log lock
12.06.2024 16:00:23.199 [main] INFO  liquibase.command - Command execution complete
12.06.2024 16:00:23.259 [main] INFO  o.h.j.i.u.LogHelper - HHH000204: Processing PersistenceUnitInfo [name: default]
12.06.2024 16:00:23.289 [main] INFO  o.hibernate.Version - HHH000412: Hibernate ORM core version 6.4.4.Final
12.06.2024 16:00:23.305 [main] INFO  o.h.c.i.RegionFactoryInitiator - HHH000026: Second-level cache disabled
12.06.2024 16:00:23.405 [main] INFO  o.s.o.j.p.SpringPersistenceUnitInfo - No LoadTimeWeaver setup: ignoring JPA class transformer
12.06.2024 16:00:23.897 [main] INFO  o.h.e.t.j.p.i.JtaPlatformInitiator - HHH000489: No JTA platform available (set 'hibernate.transaction.jta.platform' to enable JTA platform integration)
12.06.2024 16:00:23.898 [main] INFO  o.s.o.j.LocalContainerEntityManagerFactoryBean - Initialized JPA EntityManagerFactory for persistence unit 'default'
12.06.2024 16:00:25.178 [main] INFO  o.s.b.a.e.w.EndpointLinksResolver - Exposing 1 endpoint(s) beneath base path '/actuator'
12.06.2024 16:00:25.290 [main] INFO  o.s.s.w.DefaultSecurityFilterChain - Will secure any request with [org.springframework.security.web.session.DisableEncodeUrlFilter@7a0ebd12, org.springframework.security.web.context.request.async.WebAsyncManagerIntegrationFilter@ee395c, org.springframework.security.web.context.SecurityContextHolderFilter@5c8d22de, org.springframework.security.web.header.HeaderWriterFilter@5c47ef5f, org.springframework.web.filter.CorsFilter@79da2f0d, org.springframework.security.web.authentication.logout.LogoutFilter@4b2164a9, org.springframework.security.web.authentication.UsernamePasswordAuthenticationFilter@274783f8, org.springframework.security.web.authentication.ui.DefaultLoginPageGeneratingFilter@4dc24d88, org.springframework.security.web.authentication.ui.DefaultLogoutPageGeneratingFilter@37e57a20, org.springframework.security.web.authentication.www.BasicAuthenticationFilter@60389293, org.springframework.security.web.savedrequest.RequestCacheAwareFilter@e13cc49, org.springframework.security.web.servletapi.SecurityContextHolderAwareRequestFilter@172e4d3a, org.springframework.security.web.authentication.AnonymousAuthenticationFilter@380cb7e3, org.springframework.security.web.access.ExceptionTranslationFilter@4481a37f, org.springframework.security.web.access.intercept.AuthorizationFilter@3fc0a2c]
12.06.2024 16:00:25.800 [main] INFO  o.s.b.w.e.t.TomcatWebServer - Tomcat started on port 8080 (http) with context path ''
12.06.2024 16:00:25.810 [main] INFO  c.e.c.CarSharingApplication - Started CarSharingApplication in 5.013 seconds (process running for 5.479)
12.06.2024 16:00:26.245 [RMI TCP Connection(2)-192.168.189.59] INFO  o.a.c.c.C.[.[.[/] - Initializing Spring DispatcherServlet 'dispatcherServlet'
12.06.2024 16:00:26.245 [RMI TCP Connection(2)-192.168.189.59] INFO  o.s.w.s.DispatcherServlet - Initializing Servlet 'dispatcherServlet'
12.06.2024 16:00:26.248 [RMI TCP Connection(2)-192.168.189.59] INFO  o.s.w.s.DispatcherServlet - Completed initialization in 3 ms
12.06.2024 16:00:44.670 [SpringApplicationShutdownHook] INFO  o.s.o.j.LocalContainerEntityManagerFactoryBean - Closing JPA EntityManagerFactory for persistence unit 'default'
12.06.2024 16:00:44.675 [SpringApplicationShutdownHook] INFO  c.z.h.HikariDataSource - HikariPool-1 - Shutdown initiated...
12.06.2024 16:00:44.684 [SpringApplicationShutdownHook] INFO  c.z.h.HikariDataSource - HikariPool-1 - Shutdown completed.
12.06.2024 17:17:17.669 [main] INFO  c.e.c.c.UserControllerTest - Starting UserControllerTest using Java 17.0.8 with PID 82670 (started by urmat in /Users/urmat/IdeaProjects/CarSharing)
12.06.2024 17:17:17.672 [main] INFO  c.e.c.c.UserControllerTest - The following 1 profile is active: "test"
12.06.2024 17:17:18.205 [main] INFO  o.s.d.r.c.RepositoryConfigurationDelegate - Bootstrapping Spring Data JPA repositories in DEFAULT mode.
12.06.2024 17:17:18.243 [main] INFO  o.s.d.r.c.RepositoryConfigurationDelegate - Finished Spring Data repository scanning in 34 ms. Found 6 JPA repository interfaces.
12.06.2024 17:17:18.650 [main] INFO  o.h.j.i.u.LogHelper - HHH000204: Processing PersistenceUnitInfo [name: default]
12.06.2024 17:17:18.680 [main] INFO  o.hibernate.Version - HHH000412: Hibernate ORM core version 6.4.4.Final
12.06.2024 17:17:18.700 [main] INFO  o.h.c.i.RegionFactoryInitiator - HHH000026: Second-level cache disabled
12.06.2024 17:17:18.817 [main] INFO  o.s.o.j.p.SpringPersistenceUnitInfo - No LoadTimeWeaver setup: ignoring JPA class transformer
12.06.2024 17:17:18.829 [main] INFO  c.z.h.HikariDataSource - HikariPool-1 - Starting...
12.06.2024 17:17:19.044 [main] INFO  c.z.h.p.HikariPool - HikariPool-1 - Added connection conn1: url=jdbc:h2:file:./testDB user=SA
12.06.2024 17:17:19.044 [main] INFO  c.z.h.HikariDataSource - HikariPool-1 - Start completed.
12.06.2024 17:17:19.060 [main] WARN  o.h.orm.deprecation - HHH90000025: H2Dialect does not need to be specified explicitly using 'hibernate.dialect' (remove the property setting and it will be selected by default)
12.06.2024 17:17:19.605 [main] INFO  o.h.e.t.j.p.i.JtaPlatformInitiator - HHH000489: No JTA platform available (set 'hibernate.transaction.jta.platform' to enable JTA platform integration)
12.06.2024 17:17:19.606 [main] INFO  o.s.o.j.LocalContainerEntityManagerFactoryBean - Initialized JPA EntityManagerFactory for persistence unit 'default'
12.06.2024 17:17:20.585 [main] WARN  o.s.b.a.o.j.JpaBaseConfiguration$JpaWebConfiguration - spring.jpa.open-in-view is enabled by default. Therefore, database queries may be performed during view rendering. Explicitly configure spring.jpa.open-in-view to disable this warning
12.06.2024 17:17:21.044 [main] INFO  o.s.b.a.e.w.EndpointLinksResolver - Exposing 1 endpoint(s) beneath base path '/actuator'
12.06.2024 17:17:21.145 [main] INFO  o.s.s.w.DefaultSecurityFilterChain - Will secure any request with [org.springframework.security.web.session.DisableEncodeUrlFilter@28516b2d, org.springframework.security.web.context.request.async.WebAsyncManagerIntegrationFilter@2c7fb24c, org.springframework.security.web.context.SecurityContextHolderFilter@4fd9deed, org.springframework.security.web.header.HeaderWriterFilter@435b944c, org.springframework.web.filter.CorsFilter@20309365, org.springframework.security.web.authentication.logout.LogoutFilter@13088030, org.springframework.security.web.authentication.UsernamePasswordAuthenticationFilter@682bff78, org.springframework.security.web.authentication.ui.DefaultLoginPageGeneratingFilter@6a7c0932, org.springframework.security.web.authentication.ui.DefaultLogoutPageGeneratingFilter@7306f65f, org.springframework.security.web.authentication.www.BasicAuthenticationFilter@6adee80f, org.springframework.security.web.savedrequest.RequestCacheAwareFilter@78181f7f, org.springframework.security.web.servletapi.SecurityContextHolderAwareRequestFilter@6245303e, org.springframework.security.web.authentication.AnonymousAuthenticationFilter@50ade311, org.springframework.security.web.access.ExceptionTranslationFilter@57753d41, org.springframework.security.web.access.intercept.AuthorizationFilter@64e6f678]
12.06.2024 17:17:21.836 [main] INFO  o.s.b.a.h.H2ConsoleAutoConfiguration - H2 console available at '/h2-console'. Database available at 'jdbc:h2:file:./testDB'
12.06.2024 17:17:21.928 [main] INFO  o.s.b.t.m.w.SpringBootMockServletContext - Initializing Spring TestDispatcherServlet ''
12.06.2024 17:17:21.928 [main] INFO  o.s.t.w.s.TestDispatcherServlet - Initializing Servlet ''
12.06.2024 17:17:21.929 [main] INFO  o.s.t.w.s.TestDispatcherServlet - Completed initialization in 1 ms
12.06.2024 17:17:21.971 [main] INFO  c.e.c.c.UserControllerTest - Started UserControllerTest in 4.534 seconds (process running for 5.745)
12.06.2024 17:17:22.445 [main] INFO  c.e.c.a.LoggingAspect - NEW REQUEST:
IP : 127.0.0.1
URL : http://localhost/users/get/1f486486-97dc-4f50-8fb1-cd87d5dd37e2
HTTP_METHOD : GET
CONTROLLER_METHOD : com.example.carsharing.controller.UserController.getUserById
12.06.2024 17:17:22.555 [main] ERROR c.e.c.a.LoggingAspect - Request throw an exception. Cause - [1f486486-97dc-4f50-8fb1-cd87d5dd37e2]. USER_NOT_EXIST_EXCEPTION
12.06.2024 17:17:22.735 [main] INFO  c.e.c.a.LoggingAspect - NEW REQUEST:
IP : 127.0.0.1
URL : http://localhost/users/get_all
HTTP_METHOD : GET
CONTROLLER_METHOD : com.example.carsharing.controller.UserController.getAllUsers
12.06.2024 17:17:22.758 [main] INFO  c.e.c.a.LoggingAspect - 
Return value: [User(userId=7270910c-cc71-4634-97a0-a242eb5b6064, firstName=Michael, lastName=Johnson, createdAt=2024-06-12 17:17:22.721753), User(userId=dfb0689f-5f69-4825-a154-33c897fa1b38, firstName=Emily, lastName=Anderson, createdAt=2024-06-12 17:17:22.721753), User(userId=55035fe9-37e3-466f-ba4a-197f23fc5700, firstName=Daniel, lastName=Brown, createdAt=2024-06-12 17:17:22.721753), User(userId=cd8edecd-0d27-4228-8fe6-911c1cf7fd7c, firstName=Olivia, lastName=Martinez, createdAt=2024-06-12 17:17:22.721753), User(userId=7881bf3e-73a9-47da-8bae-e2e253a30ddd, firstName=William, lastName=Wilson, createdAt=2024-06-12 17:17:22.721753)]
END OF REQUEST
12.06.2024 17:17:22.929 [main] INFO  c.e.c.a.LoggingAspect - NEW REQUEST:
IP : 127.0.0.1
URL : http://localhost/users/delete/55035fe9-37e3-466f-ba4a-197f23fc5700
HTTP_METHOD : DELETE
CONTROLLER_METHOD : com.example.carsharing.controller.UserController.deleteUserById
12.06.2024 17:17:22.966 [main] INFO  c.e.c.a.LoggingAspect - 
Return value: User with this ID was deleted SUCCESSFULLY
END OF REQUEST
12.06.2024 17:17:22.996 [main] INFO  c.e.c.a.LoggingAspect - NEW REQUEST:
IP : 127.0.0.1
URL : http://localhost/users/get/cd8edecd-0d27-4228-8fe6-911c1cf7fd7c
HTTP_METHOD : GET
CONTROLLER_METHOD : com.example.carsharing.controller.UserController.getUserById
12.06.2024 17:17:23.003 [main] INFO  c.e.c.a.LoggingAspect - 
Return value: User(userId=cd8edecd-0d27-4228-8fe6-911c1cf7fd7c, firstName=Olivia, lastName=Martinez, createdAt=2024-06-12 17:17:22.986147)
END OF REQUEST
12.06.2024 17:17:23.010 [main] INFO  c.e.c.a.LoggingAspect - NEW REQUEST:
IP : 127.0.0.1
URL : http://localhost/users/update/cd8edecd-0d27-4228-8fe6-911c1cf7fd7c
HTTP_METHOD : PUT
CONTROLLER_METHOD : com.example.carsharing.controller.UserController.updateUser
12.06.2024 17:17:23.044 [main] INFO  c.e.c.a.LoggingAspect - 
Return value: User(userId=cd8edecd-0d27-4228-8fe6-911c1cf7fd7c, firstName=Oli, lastName=Martinez, createdAt=2024-06-12 17:17:22.986147)
END OF REQUEST
12.06.2024 17:17:23.127 [main] INFO  c.e.c.a.LoggingAspect - NEW REQUEST:
IP : 127.0.0.1
URL : http://localhost/users/delete/8888bf3e-73a9-47da-8bae-e2e253a30ddd
HTTP_METHOD : DELETE
CONTROLLER_METHOD : com.example.carsharing.controller.UserController.deleteUserById
12.06.2024 17:17:23.133 [main] ERROR c.e.c.a.LoggingAspect - Request throw an exception. Cause - [8888bf3e-73a9-47da-8bae-e2e253a30ddd]. USER_NOT_EXIST_EXCEPTION
12.06.2024 17:17:23.189 [main] INFO  c.e.c.a.LoggingAspect - NEW REQUEST:
IP : 127.0.0.1
URL : http://localhost/users/registration/create
HTTP_METHOD : POST
CONTROLLER_METHOD : com.example.carsharing.controller.UserController.createUser
12.06.2024 17:17:23.477 [main] INFO  c.e.c.a.LoggingAspect - 
Return value: UserAfterRegistrationDto(operation=CREATING_d, status=SUCCESSFUL_5, login=Mary_a_4, password=$2a$10$IXMrBCxKUuTJhMkq8KbqI.fa1395z4wLjWBxxmMxEfrFF8i1luTce_2, createdAt=12.06.2024)
END OF REQUEST
12.06.2024 17:17:23.536 [main] INFO  c.e.c.a.LoggingAspect - NEW REQUEST:
IP : 127.0.0.1
URL : http://localhost/users/get/cd8edecd-0d27-4228-8fe6-911c1cf7fd7c
HTTP_METHOD : GET
CONTROLLER_METHOD : com.example.carsharing.controller.UserController.getUserById
12.06.2024 17:17:23.543 [main] INFO  c.e.c.a.LoggingAspect - 
Return value: User(userId=cd8edecd-0d27-4228-8fe6-911c1cf7fd7c, firstName=Olivia, lastName=Martinez, createdAt=2024-06-12 17:17:23.520546)
END OF REQUEST
12.06.2024 17:17:23.558 [SpringApplicationShutdownHook] INFO  o.s.o.j.LocalContainerEntityManagerFactoryBean - Closing JPA EntityManagerFactory for persistence unit 'default'
12.06.2024 17:17:23.562 [SpringApplicationShutdownHook] INFO  c.z.h.HikariDataSource - HikariPool-1 - Shutdown initiated...
12.06.2024 17:17:23.568 [SpringApplicationShutdownHook] INFO  c.z.h.HikariDataSource - HikariPool-1 - Shutdown completed.
12.06.2024 19:31:35.422 [main] INFO  c.e.c.CarSharingApplication - Starting CarSharingApplication using Java 17.0.8 with PID 84002 (/Users/urmat/IdeaProjects/CarSharing/target/classes started by urmat in /Users/urmat/IdeaProjects/CarSharing)
12.06.2024 19:31:35.424 [main] INFO  c.e.c.CarSharingApplication - No active profile set, falling back to 1 default profile: "default"
12.06.2024 19:31:35.956 [main] INFO  o.s.d.r.c.RepositoryConfigurationDelegate - Bootstrapping Spring Data JPA repositories in DEFAULT mode.
12.06.2024 19:31:35.985 [main] INFO  o.s.d.r.c.RepositoryConfigurationDelegate - Finished Spring Data repository scanning in 25 ms. Found 6 JPA repository interfaces.
12.06.2024 19:31:36.407 [main] INFO  o.s.b.w.e.t.TomcatWebServer - Tomcat initialized with port 8080 (http)
12.06.2024 19:31:36.414 [main] INFO  o.a.c.c.StandardService - Starting service [Tomcat]
12.06.2024 19:31:36.415 [main] INFO  o.a.c.c.StandardEngine - Starting Servlet engine: [Apache Tomcat/10.1.19]
12.06.2024 19:31:36.445 [main] INFO  o.a.c.c.C.[.[.[/] - Initializing Spring embedded WebApplicationContext
12.06.2024 19:31:36.446 [main] INFO  o.s.b.w.s.c.ServletWebServerApplicationContext - Root WebApplicationContext: initialization completed in 1006 ms
12.06.2024 19:31:36.617 [main] INFO  c.z.h.HikariDataSource - HikariPool-1 - Starting...
12.06.2024 19:31:37.089 [main] INFO  c.z.h.p.HikariPool - HikariPool-1 - Added connection com.mysql.cj.jdbc.ConnectionImpl@16e4db59
12.06.2024 19:31:37.090 [main] INFO  c.z.h.HikariDataSource - HikariPool-1 - Start completed.
12.06.2024 19:31:37.262 [main] INFO  l.lockservice - Successfully acquired change log lock
12.06.2024 19:31:37.266 [main] INFO  liquibase.command - Dropping Database Objects in schema: carsharing.carsharing
12.06.2024 19:31:37.548 [main] INFO  liquibase.database - Successfully deleted all supported object types in schema carsharing.carsharing.
12.06.2024 19:31:37.553 [main] WARN  l.lockservice - Failed to release change log lock
12.06.2024 19:31:37.554 [main] INFO  liquibase.command - Command execution complete
12.06.2024 19:31:37.625 [main] INFO  liquibase.changelog - Creating database history table with name: carsharing.databasechangelog
12.06.2024 19:31:37.636 [main] INFO  liquibase.changelog - Reading from carsharing.databasechangelog
12.06.2024 19:31:37.644 [main] WARN  liquibase.executor - Integer display width is deprecated and will be removed in a future release.
12.06.2024 19:31:37.654 [main] INFO  l.lockservice - Successfully acquired change log lock
12.06.2024 19:31:37.654 [main] INFO  liquibase.command - Using deploymentId: 8213497654
12.06.2024 19:31:37.655 [main] INFO  liquibase.changelog - Reading from carsharing.databasechangelog
12.06.2024 19:31:37.723 [main] INFO  liquibase.changelog - Custom SQL executed
12.06.2024 19:31:37.723 [main] INFO  liquibase.changelog - ChangeSet /db/changelog/changes/v0.0.1-SNAPSHOT/schema.sql::raw::includeAll ran successfully in 63ms
12.06.2024 19:31:37.735 [main] INFO  liquibase.changelog - Custom SQL executed
12.06.2024 19:31:37.735 [main] INFO  liquibase.changelog - ChangeSet /db/changelog/changes/v0.0.1-SNAPSHOT/data.sql::raw::includeAll ran successfully in 8ms
12.06.2024 19:31:37.752 [main] INFO  liquibase.changelog - Custom SQL executed
12.06.2024 19:31:37.752 [main] INFO  liquibase.changelog - ChangeSet /db/changelog/changes/v0.0.1-SNAPSHOT/for_log_to_db.sql::raw::includeAll ran successfully in 16ms
12.06.2024 19:31:37.756 [main] INFO  liquibase.util - UPDATE SUMMARY
12.06.2024 19:31:37.756 [main] INFO  liquibase.util - Run:                          3
12.06.2024 19:31:37.756 [main] INFO  liquibase.util - Previously run:               0
12.06.2024 19:31:37.756 [main] INFO  liquibase.util - Filtered out:                 0
12.06.2024 19:31:37.756 [main] INFO  liquibase.util - -------------------------------
12.06.2024 19:31:37.756 [main] INFO  liquibase.util - Total change sets:            3
12.06.2024 19:31:37.756 [main] INFO  liquibase.util - Update summary generated
12.06.2024 19:31:37.757 [main] INFO  liquibase.command - Update command completed successfully.
12.06.2024 19:31:37.758 [main] INFO  l.lockservice - Successfully released change log lock
12.06.2024 19:31:37.758 [main] INFO  liquibase.command - Command execution complete
12.06.2024 19:31:37.832 [main] INFO  o.h.j.i.u.LogHelper - HHH000204: Processing PersistenceUnitInfo [name: default]
12.06.2024 19:31:37.862 [main] INFO  o.hibernate.Version - HHH000412: Hibernate ORM core version 6.4.4.Final
12.06.2024 19:31:37.877 [main] INFO  o.h.c.i.RegionFactoryInitiator - HHH000026: Second-level cache disabled
12.06.2024 19:31:37.977 [main] INFO  o.s.o.j.p.SpringPersistenceUnitInfo - No LoadTimeWeaver setup: ignoring JPA class transformer
12.06.2024 19:31:38.498 [main] INFO  o.h.e.t.j.p.i.JtaPlatformInitiator - HHH000489: No JTA platform available (set 'hibernate.transaction.jta.platform' to enable JTA platform integration)
12.06.2024 19:31:38.499 [main] INFO  o.s.o.j.LocalContainerEntityManagerFactoryBean - Initialized JPA EntityManagerFactory for persistence unit 'default'
12.06.2024 19:31:38.821 [main] WARN  o.s.b.w.s.c.AnnotationConfigServletWebServerApplicationContext - Exception encountered during context initialization - cancelling refresh attempt: org.springframework.beans.factory.UnsatisfiedDependencyException: Error creating bean with name 'securityConfig' defined in file [/Users/urmat/IdeaProjects/CarSharing/target/classes/com/example/carsharing/configuration/SecurityConfig.class]: Unsatisfied dependency expressed through constructor parameter 2: Error creating bean with name 'rsa-com.example.carsharing.configuration.RsaKeyProperties': Could not bind properties to 'RsaKeyProperties' : prefix=rsa, ignoreInvalidFields=false, ignoreUnknownFields=true
12.06.2024 19:31:38.821 [main] INFO  o.s.o.j.LocalContainerEntityManagerFactoryBean - Closing JPA EntityManagerFactory for persistence unit 'default'
12.06.2024 19:31:38.822 [main] INFO  c.z.h.HikariDataSource - HikariPool-1 - Shutdown initiated...
12.06.2024 19:31:38.825 [main] INFO  c.z.h.HikariDataSource - HikariPool-1 - Shutdown completed.
12.06.2024 19:31:38.826 [main] INFO  o.a.c.c.StandardService - Stopping service [Tomcat]
12.06.2024 19:31:38.836 [main] INFO  o.s.b.a.l.ConditionEvaluationReportLogger - 

Error starting ApplicationContext. To display the condition evaluation report re-run your application with 'debug' enabled.
12.06.2024 19:31:38.844 [main] ERROR o.s.b.d.LoggingFailureAnalysisReporter - 

***************************
APPLICATION FAILED TO START
***************************

Description:

Failed to bind properties under 'rsa.rsa-public-key' to java.security.interfaces.RSAPublicKey:

    Property: rsa.rsa-public-key
    Value: "classpath:certs\public.pem"
    Origin: class path resource [application.yaml] - 39:19
    Reason: failed to convert java.lang.String to java.security.interfaces.RSAPublicKey (caused by java.io.FileNotFoundException: class path resource [certs/public.pem] cannot be opened because it does not exist)

Action:

Update your application's configuration

12.06.2024 20:14:08.442 [main] INFO  c.e.c.c.UserControllerTest - Starting UserControllerTest using Java 17.0.8 with PID 84751 (started by urmat in /Users/urmat/IdeaProjects/CarSharing)
12.06.2024 20:14:08.443 [main] INFO  c.e.c.c.UserControllerTest - The following 1 profile is active: "test"
12.06.2024 20:14:08.928 [main] INFO  o.s.d.r.c.RepositoryConfigurationDelegate - Bootstrapping Spring Data JPA repositories in DEFAULT mode.
12.06.2024 20:14:08.966 [main] INFO  o.s.d.r.c.RepositoryConfigurationDelegate - Finished Spring Data repository scanning in 34 ms. Found 6 JPA repository interfaces.
12.06.2024 20:14:09.395 [main] INFO  o.h.j.i.u.LogHelper - HHH000204: Processing PersistenceUnitInfo [name: default]
12.06.2024 20:14:09.425 [main] INFO  o.hibernate.Version - HHH000412: Hibernate ORM core version 6.4.4.Final
12.06.2024 20:14:09.441 [main] INFO  o.h.c.i.RegionFactoryInitiator - HHH000026: Second-level cache disabled
12.06.2024 20:14:09.551 [main] INFO  o.s.o.j.p.SpringPersistenceUnitInfo - No LoadTimeWeaver setup: ignoring JPA class transformer
12.06.2024 20:14:09.564 [main] INFO  c.z.h.HikariDataSource - HikariPool-1 - Starting...
12.06.2024 20:14:09.783 [main] INFO  c.z.h.p.HikariPool - HikariPool-1 - Added connection conn1: url=jdbc:h2:file:./testDB user=SA
12.06.2024 20:14:09.784 [main] INFO  c.z.h.HikariDataSource - HikariPool-1 - Start completed.
12.06.2024 20:14:09.797 [main] WARN  o.h.orm.deprecation - HHH90000025: H2Dialect does not need to be specified explicitly using 'hibernate.dialect' (remove the property setting and it will be selected by default)
12.06.2024 20:14:10.318 [main] INFO  o.h.e.t.j.p.i.JtaPlatformInitiator - HHH000489: No JTA platform available (set 'hibernate.transaction.jta.platform' to enable JTA platform integration)
12.06.2024 20:14:10.319 [main] INFO  o.s.o.j.LocalContainerEntityManagerFactoryBean - Initialized JPA EntityManagerFactory for persistence unit 'default'
12.06.2024 20:14:11.174 [main] WARN  o.s.b.a.o.j.JpaBaseConfiguration$JpaWebConfiguration - spring.jpa.open-in-view is enabled by default. Therefore, database queries may be performed during view rendering. Explicitly configure spring.jpa.open-in-view to disable this warning
12.06.2024 20:14:11.805 [main] INFO  o.s.b.a.e.w.EndpointLinksResolver - Exposing 1 endpoint(s) beneath base path '/actuator'
12.06.2024 20:14:11.909 [main] INFO  o.s.s.w.DefaultSecurityFilterChain - Will secure any request with [org.springframework.security.web.session.DisableEncodeUrlFilter@43ac1fa0, org.springframework.security.web.context.request.async.WebAsyncManagerIntegrationFilter@2ba7828b, org.springframework.security.web.context.SecurityContextHolderFilter@74fbee59, org.springframework.security.web.header.HeaderWriterFilter@28ba90c1, org.springframework.web.filter.CorsFilter@3e6945c6, org.springframework.security.web.authentication.logout.LogoutFilter@210c4071, org.springframework.security.web.authentication.UsernamePasswordAuthenticationFilter@1b58788a, org.springframework.security.web.authentication.ui.DefaultLoginPageGeneratingFilter@5080c40e, org.springframework.security.web.authentication.ui.DefaultLogoutPageGeneratingFilter@16e6a643, org.springframework.security.web.authentication.www.BasicAuthenticationFilter@48e0e779, org.springframework.security.web.savedrequest.RequestCacheAwareFilter@747e0a31, org.springframework.security.web.servletapi.SecurityContextHolderAwareRequestFilter@5bd11ad6, org.springframework.security.web.authentication.AnonymousAuthenticationFilter@3514ea20, org.springframework.security.web.access.ExceptionTranslationFilter@7ddf193a, org.springframework.security.web.access.intercept.AuthorizationFilter@19f72e12]
12.06.2024 20:14:12.384 [main] INFO  o.s.b.a.h.H2ConsoleAutoConfiguration - H2 console available at '/h2-console'. Database available at 'jdbc:h2:file:./testDB'
12.06.2024 20:14:12.494 [main] INFO  o.s.b.t.m.w.SpringBootMockServletContext - Initializing Spring TestDispatcherServlet ''
12.06.2024 20:14:12.494 [main] INFO  o.s.t.w.s.TestDispatcherServlet - Initializing Servlet ''
12.06.2024 20:14:12.495 [main] INFO  o.s.t.w.s.TestDispatcherServlet - Completed initialization in 1 ms
12.06.2024 20:14:12.546 [main] INFO  c.e.c.c.UserControllerTest - Started UserControllerTest in 4.315 seconds (process running for 4.835)
12.06.2024 20:14:12.963 [main] INFO  c.e.c.a.LoggingAspect - NEW REQUEST:
IP : 127.0.0.1
URL : http://localhost/users/get/1f486486-97dc-4f50-8fb1-cd87d5dd37e2
HTTP_METHOD : GET
CONTROLLER_METHOD : com.example.carsharing.controller.UserController.getUserById
12.06.2024 20:14:13.048 [main] ERROR c.e.c.a.LoggingAspect - Request throw an exception. Cause - [1f486486-97dc-4f50-8fb1-cd87d5dd37e2]. USER_NOT_EXIST_EXCEPTION
12.06.2024 20:14:13.119 [main] INFO  c.e.c.a.LoggingAspect - NEW REQUEST:
IP : 127.0.0.1
URL : http://localhost/users/get_all
HTTP_METHOD : GET
CONTROLLER_METHOD : com.example.carsharing.controller.UserController.getAllUsers
12.06.2024 20:14:13.149 [main] INFO  c.e.c.a.LoggingAspect - 
Return value: [User(userId=7270910c-cc71-4634-97a0-a242eb5b6064, firstName=Michael, lastName=Johnson, createdAt=2024-06-12 20:14:13.098981), User(userId=dfb0689f-5f69-4825-a154-33c897fa1b38, firstName=Emily, lastName=Anderson, createdAt=2024-06-12 20:14:13.098981), User(userId=55035fe9-37e3-466f-ba4a-197f23fc5700, firstName=Daniel, lastName=Brown, createdAt=2024-06-12 20:14:13.098981), User(userId=cd8edecd-0d27-4228-8fe6-911c1cf7fd7c, firstName=Olivia, lastName=Martinez, createdAt=2024-06-12 20:14:13.098981), User(userId=7881bf3e-73a9-47da-8bae-e2e253a30ddd, firstName=William, lastName=Wilson, createdAt=2024-06-12 20:14:13.098981)]
END OF REQUEST
12.06.2024 20:14:13.230 [main] INFO  c.e.c.a.LoggingAspect - NEW REQUEST:
IP : 127.0.0.1
URL : http://localhost/users/delete/55035fe9-37e3-466f-ba4a-197f23fc5700
HTTP_METHOD : DELETE
CONTROLLER_METHOD : com.example.carsharing.controller.UserController.deleteUserById
12.06.2024 20:14:13.255 [main] INFO  c.e.c.a.LoggingAspect - 
Return value: User with this ID was deleted SUCCESSFULLY
END OF REQUEST
12.06.2024 20:14:13.282 [main] INFO  c.e.c.a.LoggingAspect - NEW REQUEST:
IP : 127.0.0.1
URL : http://localhost/users/get/cd8edecd-0d27-4228-8fe6-911c1cf7fd7c
HTTP_METHOD : GET
CONTROLLER_METHOD : com.example.carsharing.controller.UserController.getUserById
12.06.2024 20:14:13.286 [main] INFO  c.e.c.a.LoggingAspect - 
Return value: User(userId=cd8edecd-0d27-4228-8fe6-911c1cf7fd7c, firstName=Olivia, lastName=Martinez, createdAt=2024-06-12 20:14:13.275245)
END OF REQUEST
12.06.2024 20:14:13.294 [main] INFO  c.e.c.a.LoggingAspect - NEW REQUEST:
IP : 127.0.0.1
URL : http://localhost/users/update/cd8edecd-0d27-4228-8fe6-911c1cf7fd7c
HTTP_METHOD : PUT
CONTROLLER_METHOD : com.example.carsharing.controller.UserController.updateUser
12.06.2024 20:14:13.303 [main] INFO  c.e.c.a.LoggingAspect - 
Return value: User(userId=cd8edecd-0d27-4228-8fe6-911c1cf7fd7c, firstName=Oli, lastName=Martinez, createdAt=2024-06-12 20:14:13.275245)
END OF REQUEST
12.06.2024 20:14:13.325 [main] INFO  c.e.c.a.LoggingAspect - NEW REQUEST:
IP : 127.0.0.1
URL : http://localhost/users/delete/8888bf3e-73a9-47da-8bae-e2e253a30ddd
HTTP_METHOD : DELETE
CONTROLLER_METHOD : com.example.carsharing.controller.UserController.deleteUserById
12.06.2024 20:14:13.327 [main] ERROR c.e.c.a.LoggingAspect - Request throw an exception. Cause - [8888bf3e-73a9-47da-8bae-e2e253a30ddd]. USER_NOT_EXIST_EXCEPTION
12.06.2024 20:14:13.355 [main] INFO  c.e.c.a.LoggingAspect - NEW REQUEST:
IP : 127.0.0.1
URL : http://localhost/users/registration/create
HTTP_METHOD : POST
CONTROLLER_METHOD : com.example.carsharing.controller.UserController.createUser
12.06.2024 20:14:13.561 [main] INFO  c.e.c.a.LoggingAspect - 
Return value: UserAfterRegistrationDto(operation=CREATING_c, status=SUCCESSFUL_4, login=Mary_2_8, password=$2a$10$RA9DDRrm/gPOd0k0SnD4/uZJ6ySOzcNj6V4G8GenUKWclNH25Qn0._2, createdAt=12.06.2024)
END OF REQUEST
12.06.2024 20:14:13.588 [main] INFO  c.e.c.a.LoggingAspect - NEW REQUEST:
IP : 127.0.0.1
URL : http://localhost/users/get/cd8edecd-0d27-4228-8fe6-911c1cf7fd7c
HTTP_METHOD : GET
CONTROLLER_METHOD : com.example.carsharing.controller.UserController.getUserById
12.06.2024 20:14:13.591 [main] INFO  c.e.c.a.LoggingAspect - 
Return value: User(userId=cd8edecd-0d27-4228-8fe6-911c1cf7fd7c, firstName=Olivia, lastName=Martinez, createdAt=2024-06-12 20:14:13.583309)
END OF REQUEST
12.06.2024 20:14:13.600 [main] INFO  o.s.t.c.s.AnnotationConfigContextLoaderUtils - Could not detect default configuration classes for test class [com.example.carsharing.controller.TripControllerTest]: TripControllerTest does not declare any static, non-private, non-final, nested classes annotated with @Configuration.
12.06.2024 20:14:13.602 [main] INFO  o.s.b.t.c.SpringBootTestContextBootstrapper - Found @SpringBootConfiguration com.example.carsharing.CarSharingApplication for test class com.example.carsharing.controller.TripControllerTest
12.06.2024 20:14:13.627 [main] INFO  c.e.c.a.LoggingAspect - NEW REQUEST:
IP : 127.0.0.1
URL : http://localhost/trips/delete/8888bf3e-73a9-47da-8bae-e2e253a30ddd
HTTP_METHOD : DELETE
CONTROLLER_METHOD : com.example.carsharing.controller.TripController.deleteTripById
12.06.2024 20:14:13.636 [main] ERROR c.e.c.a.LoggingAspect - Request throw an exception. Cause - [8888bf3e-73a9-47da-8bae-e2e253a30ddd]. TRIP_NOT_EXIST_EXCEPTION
12.06.2024 20:14:13.663 [main] INFO  c.e.c.a.LoggingAspect - NEW REQUEST:
IP : 127.0.0.1
URL : http://localhost/trips/get/0628ad72-9f21-4dd4-98ea-ee08bcfbd36e
HTTP_METHOD : GET
CONTROLLER_METHOD : com.example.carsharing.controller.TripController.getTripById
12.06.2024 20:14:13.666 [main] INFO  c.e.c.a.LoggingAspect - 
Return value: Trip(tripId=0628ad72-9f21-4dd4-98ea-ee08bcfbd36e, startTime=2024-08-10T00:00, endTime=2024-08-25T17:30, distance=500.0, cost=500.00, user=User(userId=7881bf3e-73a9-47da-8bae-e2e253a30ddd, firstName=William, lastName=Wilson, createdAt=2024-06-12 20:14:13.653171), car=Car{carId=2e88a78d-b4a7-4a00-b590-4d0f7abe6c04, yearOfRelease='2019', licensePlate='OS-OS5', status=IN_USE, brand=HONDA, createdAt=2024-06-12 20:14:13.653171})
END OF REQUEST
12.06.2024 20:14:13.705 [main] INFO  c.e.c.a.LoggingAspect - NEW REQUEST:
IP : 127.0.0.1
URL : http://localhost/trips/create
HTTP_METHOD : POST
CONTROLLER_METHOD : com.example.carsharing.controller.TripController.createTrip
12.06.2024 20:14:13.711 [main] INFO  c.e.c.a.LoggingAspect - 
Return value: TripAfterCreationDto(cost=null, distance=0.0, user=Olivia Martinez, car=ef6869b7-2402-48c7-bff4-141563be2d8c)
END OF REQUEST
12.06.2024 20:14:13.741 [main] INFO  c.e.c.a.LoggingAspect - NEW REQUEST:
IP : 127.0.0.1
URL : http://localhost/trips/get/0628ad72-9f21-4dd4-98ea-ee08bcfbd36e
HTTP_METHOD : GET
CONTROLLER_METHOD : com.example.carsharing.controller.TripController.getTripById
12.06.2024 20:14:13.744 [main] INFO  c.e.c.a.LoggingAspect - 
Return value: Trip(tripId=0628ad72-9f21-4dd4-98ea-ee08bcfbd36e, startTime=2024-08-10T00:00, endTime=2024-08-25T17:30, distance=500.0, cost=500.00, user=User(userId=7881bf3e-73a9-47da-8bae-e2e253a30ddd, firstName=William, lastName=Wilson, createdAt=2024-06-12 20:14:13.737903), car=Car{carId=2e88a78d-b4a7-4a00-b590-4d0f7abe6c04, yearOfRelease='2019', licensePlate='OS-OS5', status=IN_USE, brand=HONDA, createdAt=2024-06-12 20:14:13.737903})
END OF REQUEST
12.06.2024 20:14:13.747 [main] INFO  c.e.c.a.LoggingAspect - NEW REQUEST:
IP : 127.0.0.1
URL : http://localhost/trips/update/0628ad72-9f21-4dd4-98ea-ee08bcfbd36e
HTTP_METHOD : PUT
CONTROLLER_METHOD : com.example.carsharing.controller.TripController.updateTrip
12.06.2024 20:14:13.750 [main] INFO  c.e.c.a.LoggingAspect - 
Return value: Trip(tripId=0628ad72-9f21-4dd4-98ea-ee08bcfbd36e, startTime=2024-08-10T00:00, endTime=2024-08-25T17:30, distance=500.0, cost=500.00, user=User(userId=7881bf3e-73a9-47da-8bae-e2e253a30ddd, firstName=William, lastName=Wilson, createdAt=2024-06-12 20:14:13.737903), car=Car{carId=2e88a78d-b4a7-4a00-b590-4d0f7abe6c04, yearOfRelease='2019', licensePlate='OS-OS5', status=IN_USE, brand=HONDA, createdAt=2024-06-12 20:14:13.737903})
END OF REQUEST
12.06.2024 20:14:13.764 [main] INFO  c.e.c.a.LoggingAspect - NEW REQUEST:
IP : 127.0.0.1
URL : http://localhost/trips/get/1f486486-97dc-4f50-8fb1-cd87d5dd37e2
HTTP_METHOD : GET
CONTROLLER_METHOD : com.example.carsharing.controller.TripController.getTripById
12.06.2024 20:14:13.766 [main] ERROR c.e.c.a.LoggingAspect - Request throw an exception. Cause - [1f486486-97dc-4f50-8fb1-cd87d5dd37e2]. TRIP_NOT_EXIST_EXCEPTION
12.06.2024 20:14:13.782 [main] INFO  c.e.c.a.LoggingAspect - NEW REQUEST:
IP : 127.0.0.1
URL : http://localhost/trips/delete/0628ad72-9f21-4dd4-98ea-ee08bcfbd36e
HTTP_METHOD : DELETE
CONTROLLER_METHOD : com.example.carsharing.controller.TripController.deleteTripById
12.06.2024 20:14:13.789 [main] INFO  c.e.c.a.LoggingAspect - 
Return value: Trip with this ID was deleted SUCCESSFULLY
END OF REQUEST
12.06.2024 20:14:13.796 [main] INFO  o.s.t.c.s.AnnotationConfigContextLoaderUtils - Could not detect default configuration classes for test class [com.example.carsharing.controller.PaymentControllerTest]: PaymentControllerTest does not declare any static, non-private, non-final, nested classes annotated with @Configuration.
12.06.2024 20:14:13.800 [main] INFO  o.s.b.t.c.SpringBootTestContextBootstrapper - Found @SpringBootConfiguration com.example.carsharing.CarSharingApplication for test class com.example.carsharing.controller.PaymentControllerTest
12.06.2024 20:14:13.850 [main] INFO  c.e.c.a.LoggingAspect - NEW REQUEST:
IP : 127.0.0.1
URL : http://localhost/payments/create
HTTP_METHOD : POST
CONTROLLER_METHOD : com.example.carsharing.controller.PaymentController.createPayment
12.06.2024 20:14:13.859 [main] INFO  c.e.c.a.LoggingAspect - 
Return value: PaymentAfterCreationDto(amount=200.0, paymentDate=2024-04-10T19:00:00, paymentMethod=PAYPAL, user=Daniel Brown, status=false)
END OF REQUEST
12.06.2024 20:14:13.893 [main] INFO  c.e.c.a.LoggingAspect - NEW REQUEST:
IP : 127.0.0.1
URL : http://localhost/payments/delete/92683b96-579e-4fee-9329-b442639582e7
HTTP_METHOD : DELETE
CONTROLLER_METHOD : com.example.carsharing.controller.PaymentController.deletePaymentById
12.06.2024 20:14:13.901 [main] INFO  c.e.c.a.LoggingAspect - 
Return value: Payment with this ID was deleted SUCCESSFULLY
END OF REQUEST
12.06.2024 20:14:13.915 [main] INFO  c.e.c.a.LoggingAspect - NEW REQUEST:
IP : 127.0.0.1
URL : http://localhost/payments/get/1f486486-97dc-4f50-8fb1-cd87d5dd37e2
HTTP_METHOD : GET
CONTROLLER_METHOD : com.example.carsharing.controller.PaymentController.getPaymentById
12.06.2024 20:14:13.916 [main] ERROR c.e.c.a.LoggingAspect - Request throw an exception. Cause - [1f486486-97dc-4f50-8fb1-cd87d5dd37e2]. PAYMENT_NOT_EXIST_EXCEPTION
12.06.2024 20:14:13.931 [main] INFO  c.e.c.a.LoggingAspect - NEW REQUEST:
IP : 127.0.0.1
URL : http://localhost/payments/get/92683b96-579e-4fee-9329-b442639582e7
HTTP_METHOD : GET
CONTROLLER_METHOD : com.example.carsharing.controller.PaymentController.getPaymentById
12.06.2024 20:14:13.934 [main] INFO  c.e.c.a.LoggingAspect - 
Return value: Payment(paymentId=92683b96-579e-4fee-9329-b442639582e7, amount=100.0, paymentDate=2024-04-10T19:00, paymentMethod=VISA, status=true, user=User(userId=7270910c-cc71-4634-97a0-a242eb5b6064, firstName=Michael, lastName=Johnson, createdAt=2024-06-12 20:14:13.926286))
END OF REQUEST
12.06.2024 20:14:13.966 [main] INFO  c.e.c.a.LoggingAspect - NEW REQUEST:
IP : 127.0.0.1
URL : http://localhost/payments/delete/93683b96-579e-4fee-9329-b442639582e7
HTTP_METHOD : DELETE
CONTROLLER_METHOD : com.example.carsharing.controller.PaymentController.deletePaymentById
12.06.2024 20:14:13.968 [main] ERROR c.e.c.a.LoggingAspect - Request throw an exception. Cause - [93683b96-579e-4fee-9329-b442639582e7]. PAYMENT_NOT_EXIST_EXCEPTION
12.06.2024 20:14:13.981 [main] INFO  c.e.c.a.LoggingAspect - NEW REQUEST:
IP : 127.0.0.1
URL : http://localhost/payments/get/92683b96-579e-4fee-9329-b442639582e7
HTTP_METHOD : GET
CONTROLLER_METHOD : com.example.carsharing.controller.PaymentController.getPaymentById
12.06.2024 20:14:13.985 [main] INFO  c.e.c.a.LoggingAspect - 
Return value: Payment(paymentId=92683b96-579e-4fee-9329-b442639582e7, amount=100.0, paymentDate=2024-04-10T19:00, paymentMethod=VISA, status=true, user=User(userId=7270910c-cc71-4634-97a0-a242eb5b6064, firstName=Michael, lastName=Johnson, createdAt=2024-06-12 20:14:13.978533))
END OF REQUEST
12.06.2024 20:14:13.990 [main] INFO  c.e.c.a.LoggingAspect - NEW REQUEST:
IP : 127.0.0.1
URL : http://localhost/payments/update/92683b96-579e-4fee-9329-b442639582e7
HTTP_METHOD : PUT
CONTROLLER_METHOD : com.example.carsharing.controller.PaymentController.updatePayment
12.06.2024 20:14:13.995 [main] INFO  c.e.c.a.LoggingAspect - 
Return value: Payment(paymentId=92683b96-579e-4fee-9329-b442639582e7, amount=100.0, paymentDate=2024-04-10T19:00, paymentMethod=VISA, status=true, user=User(userId=7270910c-cc71-4634-97a0-a242eb5b6064, firstName=Michael, lastName=Johnson, createdAt=2024-06-12 20:14:13.978533))
END OF REQUEST
12.06.2024 20:14:14.001 [main] INFO  o.s.t.c.s.AnnotationConfigContextLoaderUtils - Could not detect default configuration classes for test class [com.example.carsharing.controller.CarControllerTest]: CarControllerTest does not declare any static, non-private, non-final, nested classes annotated with @Configuration.
12.06.2024 20:14:14.003 [main] INFO  o.s.b.t.c.SpringBootTestContextBootstrapper - Found @SpringBootConfiguration com.example.carsharing.CarSharingApplication for test class com.example.carsharing.controller.CarControllerTest
12.06.2024 20:14:14.035 [main] INFO  c.e.c.a.LoggingAspect - NEW REQUEST:
IP : 127.0.0.1
URL : http://localhost/cars/add_car
HTTP_METHOD : POST
CONTROLLER_METHOD : com.example.carsharing.controller.CarController.createCar
12.06.2024 20:14:14.042 [main] INFO  c.e.c.a.LoggingAspect - 
Return value: CarAfterCreationDto(message=Car added, licensePlate=OS-KG13, brand=HYUNDAI, status=AVAILABLE, createdAt=2024-06-12T20:14:14.039+02:00)
END OF REQUEST
12.06.2024 20:14:14.066 [main] INFO  c.e.c.a.LoggingAspect - NEW REQUEST:
IP : 127.0.0.1
URL : http://localhost/cars/show_car/1f486486-97dc-4f50-8fb1-cd87d5dd37e2
HTTP_METHOD : GET
CONTROLLER_METHOD : com.example.carsharing.controller.CarController.showCarById
12.06.2024 20:14:14.068 [main] ERROR c.e.c.a.LoggingAspect - Request throw an exception. Cause - [1f486486-97dc-4f50-8fb1-cd87d5dd37e2]. CAR_NOT_EXIST_EXCEPTION
12.06.2024 20:14:14.094 [main] INFO  c.e.c.a.LoggingAspect - NEW REQUEST:
IP : 127.0.0.1
URL : http://localhost/cars/delete_car/8988bf3e-73a9-47da-8bae-e2e253a30ddd
HTTP_METHOD : DELETE
CONTROLLER_METHOD : com.example.carsharing.controller.CarController.deleteCarById
12.06.2024 20:14:14.096 [main] ERROR c.e.c.a.LoggingAspect - Request throw an exception. Cause - [8988bf3e-73a9-47da-8bae-e2e253a30ddd]. CAR_NOT_EXIST_EXCEPTION
12.06.2024 20:14:14.109 [main] INFO  c.e.c.a.LoggingAspect - NEW REQUEST:
IP : 127.0.0.1
URL : http://localhost/cars/show_car/2e88a78d-b4a7-4a00-b590-4d0f7abe6c04
HTTP_METHOD : GET
CONTROLLER_METHOD : com.example.carsharing.controller.CarController.showCarById
12.06.2024 20:14:14.110 [main] INFO  c.e.c.a.LoggingAspect - 
Return value: Car{carId=2e88a78d-b4a7-4a00-b590-4d0f7abe6c04, yearOfRelease='2019', licensePlate='OS-OS5', status=IN_USE, brand=HONDA, createdAt=2024-06-12 20:14:14.105692}
END OF REQUEST
12.06.2024 20:14:14.123 [main] INFO  c.e.c.a.LoggingAspect - NEW REQUEST:
IP : 127.0.0.1
URL : http://localhost/cars/show_car/2e88a78d-b4a7-4a00-b590-4d0f7abe6c04
HTTP_METHOD : GET
CONTROLLER_METHOD : com.example.carsharing.controller.CarController.showCarById
12.06.2024 20:14:14.125 [main] INFO  c.e.c.a.LoggingAspect - 
Return value: Car{carId=2e88a78d-b4a7-4a00-b590-4d0f7abe6c04, yearOfRelease='2019', licensePlate='OS-OS5', status=IN_USE, brand=HONDA, createdAt=2024-06-12 20:14:14.120709}
END OF REQUEST
12.06.2024 20:14:14.130 [main] INFO  c.e.c.a.LoggingAspect - NEW REQUEST:
IP : 127.0.0.1
URL : http://localhost/cars/update_car/2e88a78d-b4a7-4a00-b590-4d0f7abe6c04
HTTP_METHOD : PUT
CONTROLLER_METHOD : com.example.carsharing.controller.CarController.updateCar
12.06.2024 20:14:14.133 [main] INFO  c.e.c.a.LoggingAspect - 
Return value: Car{carId=2e88a78d-b4a7-4a00-b590-4d0f7abe6c04, yearOfRelease='2007', licensePlate='OS-OS5', status=IN_USE, brand=HONDA, createdAt=2024-06-12 20:14:14.127}
END OF REQUEST
12.06.2024 20:14:14.172 [main] INFO  c.e.c.a.LoggingAspect - NEW REQUEST:
IP : 127.0.0.1
URL : http://localhost/cars/delete_car/ef6869b7-2402-48c7-bff4-141563be2d8c
HTTP_METHOD : DELETE
CONTROLLER_METHOD : com.example.carsharing.controller.CarController.deleteCarById
12.06.2024 20:14:14.176 [main] INFO  c.e.c.a.LoggingAspect - 
Return value: Car with this ID was deleted SUCCESSFULLY
END OF REQUEST
12.06.2024 20:14:14.181 [main] INFO  o.s.t.c.s.AnnotationConfigContextLoaderUtils - Could not detect default configuration classes for test class [com.example.carsharing.CarSharingApplicationTest]: CarSharingApplicationTest does not declare any static, non-private, non-final, nested classes annotated with @Configuration.
12.06.2024 20:14:14.186 [main] INFO  o.s.b.t.c.SpringBootTestContextBootstrapper - Found @SpringBootConfiguration com.example.carsharing.CarSharingApplication for test class com.example.carsharing.CarSharingApplicationTest
12.06.2024 20:14:14.204 [main] INFO  c.e.c.CarSharingApplicationTest - Starting CarSharingApplicationTest using Java 17.0.8 with PID 84751 (started by urmat in /Users/urmat/IdeaProjects/CarSharing)
12.06.2024 20:14:14.204 [main] INFO  c.e.c.CarSharingApplicationTest - The following 1 profile is active: "test"
12.06.2024 20:14:14.351 [main] INFO  o.s.d.r.c.RepositoryConfigurationDelegate - Bootstrapping Spring Data JPA repositories in DEFAULT mode.
12.06.2024 20:14:14.360 [main] INFO  o.s.d.r.c.RepositoryConfigurationDelegate - Finished Spring Data repository scanning in 8 ms. Found 6 JPA repository interfaces.
12.06.2024 20:14:14.435 [main] INFO  o.h.j.i.u.LogHelper - HHH000204: Processing PersistenceUnitInfo [name: default]
12.06.2024 20:14:14.436 [main] INFO  o.h.c.i.RegionFactoryInitiator - HHH000026: Second-level cache disabled
12.06.2024 20:14:14.438 [main] INFO  o.s.o.j.p.SpringPersistenceUnitInfo - No LoadTimeWeaver setup: ignoring JPA class transformer
12.06.2024 20:14:14.439 [main] INFO  c.z.h.HikariDataSource - HikariPool-2 - Starting...
12.06.2024 20:14:14.440 [main] INFO  c.z.h.p.HikariPool - HikariPool-2 - Added connection conn11: url=jdbc:h2:file:./testDB user=SA
12.06.2024 20:14:14.440 [main] INFO  c.z.h.HikariDataSource - HikariPool-2 - Start completed.
12.06.2024 20:14:14.440 [main] WARN  o.h.orm.deprecation - HHH90000025: H2Dialect does not need to be specified explicitly using 'hibernate.dialect' (remove the property setting and it will be selected by default)
12.06.2024 20:14:14.525 [main] INFO  o.h.e.t.j.p.i.JtaPlatformInitiator - HHH000489: No JTA platform available (set 'hibernate.transaction.jta.platform' to enable JTA platform integration)
12.06.2024 20:14:14.525 [main] INFO  o.s.o.j.LocalContainerEntityManagerFactoryBean - Initialized JPA EntityManagerFactory for persistence unit 'default'
12.06.2024 20:14:14.898 [main] WARN  o.s.b.a.o.j.JpaBaseConfiguration$JpaWebConfiguration - spring.jpa.open-in-view is enabled by default. Therefore, database queries may be performed during view rendering. Explicitly configure spring.jpa.open-in-view to disable this warning
12.06.2024 20:14:15.091 [main] INFO  o.s.b.a.e.w.EndpointLinksResolver - Exposing 1 endpoint(s) beneath base path '/actuator'
12.06.2024 20:14:15.136 [main] INFO  o.s.s.w.DefaultSecurityFilterChain - Will secure any request with [org.springframework.security.web.session.DisableEncodeUrlFilter@4f0a81f6, org.springframework.security.web.context.request.async.WebAsyncManagerIntegrationFilter@61523c3, org.springframework.security.web.context.SecurityContextHolderFilter@667333f0, org.springframework.security.web.header.HeaderWriterFilter@3eec221b, org.springframework.web.filter.CorsFilter@79f05331, org.springframework.security.web.authentication.logout.LogoutFilter@28685f4f, org.springframework.security.web.authentication.UsernamePasswordAuthenticationFilter@7373e376, org.springframework.security.web.authentication.ui.DefaultLoginPageGeneratingFilter@48b73b02, org.springframework.security.web.authentication.ui.DefaultLogoutPageGeneratingFilter@4b3f178f, org.springframework.security.web.authentication.www.BasicAuthenticationFilter@27a891, org.springframework.security.web.savedrequest.RequestCacheAwareFilter@9ccdd34, org.springframework.security.web.servletapi.SecurityContextHolderAwareRequestFilter@1ae4bdf4, org.springframework.security.web.authentication.AnonymousAuthenticationFilter@50213a2f, org.springframework.security.web.access.ExceptionTranslationFilter@1b6ad296, org.springframework.security.web.access.intercept.AuthorizationFilter@6e641688]
12.06.2024 20:14:15.354 [main] INFO  o.s.b.a.h.H2ConsoleAutoConfiguration - H2 console available at '/h2-console'. Database available at 'jdbc:h2:file:./testDB'
12.06.2024 20:14:15.402 [main] INFO  c.e.c.CarSharingApplicationTest - Started CarSharingApplicationTest in 1.214 seconds (process running for 7.691)
12.06.2024 20:14:15.445 [SpringApplicationShutdownHook] INFO  o.s.o.j.LocalContainerEntityManagerFactoryBean - Closing JPA EntityManagerFactory for persistence unit 'default'
12.06.2024 20:14:15.452 [SpringApplicationShutdownHook] INFO  c.z.h.HikariDataSource - HikariPool-1 - Shutdown initiated...
12.06.2024 20:14:15.453 [SpringApplicationShutdownHook] INFO  c.z.h.HikariDataSource - HikariPool-1 - Shutdown completed.
12.06.2024 20:14:15.459 [SpringApplicationShutdownHook] INFO  o.s.o.j.LocalContainerEntityManagerFactoryBean - Closing JPA EntityManagerFactory for persistence unit 'default'
12.06.2024 20:14:15.460 [SpringApplicationShutdownHook] INFO  c.z.h.HikariDataSource - HikariPool-2 - Shutdown initiated...
12.06.2024 20:14:15.461 [SpringApplicationShutdownHook] INFO  c.z.h.HikariDataSource - HikariPool-2 - Shutdown completed.
